<?xml version="1.0" encoding="UTF-8"?>
<!-- Generated by org.testng.reporters.JUnitXMLReporter -->
<testsuite hostname="Edwin-Tontohs-MacBook-Pro-8.local" ignored="0" name="GTTest" tests="4" failures="1" timestamp="12 Aug 2019 22:13:33 GMT" time="0.19" errors="0">
  <testcase name="test" time="0.092" classname="com.gtiframework.testCases.learn">
    <failure type="java.lang.AssertionError" message="The following asserts failed:
	testing soft assert expected [true] but found [false]">
      <![CDATA[java.lang.AssertionError: The following asserts failed:
testing soft assert expected [true] but found [false]
at com.gtiframework.testCases.learn.test(learn.java:38)
at com.gtiframework.Runner.TestRunner.main(TestRunner.java:16)
... Removed 23 stack frames]]>
    </failure>
  </testcase> <!-- test -->
  <testcase name="test11" time="0.006" classname="com.gtiframework.testCases.learn"/>
  <testcase name="test2" time="0.0" classname="com.gtiframework.testCases.learn"/>
  <testcase name="testing" time="0.0" classname="com.gtiframework.testCases.learn"/>
</testsuite> <!-- GTTest -->
