<?xml version="1.0" encoding="UTF-8"?>
<!-- Generated by org.testng.reporters.JUnitXMLReporter -->
<testsuite hostname="Edwin-Tontohs-MacBook-Pro-8.local" ignored="3" name="GTTest(failed)" tests="1" failures="1" timestamp="22 Aug 2019 22:34:02 GMT" time="0.156" errors="0">
  <testcase name="test" time="0.029" classname="com.gtiframework.testCases.learn">
    <failure type="java.lang.AssertionError" message="The following asserts failed:
	testing soft assert expected [true] but found [false]">
      <![CDATA[java.lang.AssertionError: The following asserts failed:
testing soft assert expected [true] but found [false]
at com.gtiframework.testCases.learn.test(learn.java:54)
at com.gtiframework.Runner.TestRunner.main(TestRunner.java:16)
... Removed 23 stack frames]]>
    </failure>
  </testcase> <!-- test -->
  <testcase name="test2" time="0.0" classname="com.gtiframework.testCases.learn">
    <ignored/>
  </testcase> <!-- test2 -->
  <testcase name="testing" time="0.0" classname="com.gtiframework.testCases.learn">
    <ignored/>
  </testcase> <!-- testing -->
  <testcase name="test11" time="0.0" classname="com.gtiframework.testCases.learn">
    <ignored/>
  </testcase> <!-- test11 -->
</testsuite> <!-- GTTest(failed) -->
